  main.cpp
C:\Users\chura\source\repos\sfml_game\sfml_game\main.cpp(55,12): warning C4244: 'argument': conversion from 'time_t' to 'unsigned int', possible loss of data
C:\Users\chura\source\repos\sfml_game\sfml_game\main.cpp(668,19): warning C4305: 'initializing': truncation from 'double' to 'float'
C:\Users\chura\source\repos\sfml_game\sfml_game\main.cpp(887,54): warning C4244: 'argument': conversion from 'int' to 'float', possible loss of data
C:\Users\chura\source\repos\sfml_game\sfml_game\main.cpp(890,53): warning C4244: 'argument': conversion from 'int' to 'float', possible loss of data
C:\Users\chura\source\repos\sfml_game\sfml_game\main.cpp(962,94): warning C4244: 'argument': conversion from 'int' to 'float', possible loss of data
C:\Users\chura\source\repos\sfml_game\sfml_game\main.cpp(963,93): warning C4244: 'argument': conversion from 'int' to 'float', possible loss of data
C:\Users\chura\source\repos\sfml_game\sfml_game\main.cpp(964,93): warning C4244: 'argument': conversion from 'int' to 'float', possible loss of data
C:\Users\chura\source\repos\sfml_game\sfml_game\main.cpp(965,93): warning C4244: 'argument': conversion from 'int' to 'float', possible loss of data
C:\Users\chura\source\repos\sfml_game\sfml_game\main.cpp(966,93): warning C4244: 'argument': conversion from 'int' to 'float', possible loss of data
C:\Users\chura\source\repos\sfml_game\sfml_game\main.cpp(968,93): warning C4244: 'argument': conversion from 'int' to 'float', possible loss of data
C:\Users\chura\source\repos\sfml_game\sfml_game\main.cpp(969,93): warning C4244: 'argument': conversion from 'int' to 'float', possible loss of data
C:\Users\chura\source\repos\sfml_game\sfml_game\main.cpp(970,93): warning C4244: 'argument': conversion from 'int' to 'float', possible loss of data
C:\Users\chura\source\repos\sfml_game\sfml_game\main.cpp(971,93): warning C4244: 'argument': conversion from 'int' to 'float', possible loss of data
C:\Users\chura\source\repos\sfml_game\sfml_game\main.cpp(972,93): warning C4244: 'argument': conversion from 'int' to 'float', possible loss of data
C:\Users\chura\source\repos\sfml_game\sfml_game\main.cpp(973,93): warning C4244: 'argument': conversion from 'int' to 'float', possible loss of data
C:\Users\chura\source\repos\sfml_game\sfml_game\main.cpp(974,93): warning C4244: 'argument': conversion from 'int' to 'float', possible loss of data
C:\Users\chura\source\repos\sfml_game\sfml_game\main.cpp(975,93): warning C4244: 'argument': conversion from 'int' to 'float', possible loss of data
C:\Users\chura\source\repos\sfml_game\sfml_game\main.cpp(976,93): warning C4244: 'argument': conversion from 'int' to 'float', possible loss of data
C:\Users\chura\source\repos\sfml_game\sfml_game\main.cpp(978,93): warning C4244: 'argument': conversion from 'int' to 'float', possible loss of data
C:\Users\chura\source\repos\sfml_game\sfml_game\main.cpp(979,93): warning C4244: 'argument': conversion from 'int' to 'float', possible loss of data
C:\Users\chura\source\repos\sfml_game\sfml_game\main.cpp(982,94): warning C4244: 'argument': conversion from 'int' to 'float', possible loss of data
C:\Users\chura\source\repos\sfml_game\sfml_game\main.cpp(983,94): warning C4244: 'argument': conversion from 'int' to 'float', possible loss of data
C:\Users\chura\source\repos\sfml_game\sfml_game\main.cpp(984,94): warning C4244: 'argument': conversion from 'int' to 'float', possible loss of data
C:\Users\chura\source\repos\sfml_game\sfml_game\main.cpp(985,94): warning C4244: 'argument': conversion from 'int' to 'float', possible loss of data
C:\Users\chura\source\repos\sfml_game\sfml_game\main.cpp(986,94): warning C4244: 'argument': conversion from 'int' to 'float', possible loss of data
C:\Users\chura\source\repos\sfml_game\sfml_game\main.cpp(987,94): warning C4244: 'argument': conversion from 'int' to 'float', possible loss of data
C:\Users\chura\source\repos\sfml_game\sfml_game\main.cpp(988,94): warning C4244: 'argument': conversion from 'int' to 'float', possible loss of data
C:\Users\chura\source\repos\sfml_game\sfml_game\main.cpp(989,94): warning C4244: 'argument': conversion from 'int' to 'float', possible loss of data
C:\Users\chura\source\repos\sfml_game\sfml_game\main.cpp(991,93): warning C4244: 'argument': conversion from 'int' to 'float', possible loss of data
C:\Users\chura\source\repos\sfml_game\sfml_game\main.cpp(992,93): warning C4244: 'argument': conversion from 'int' to 'float', possible loss of data
C:\Users\chura\source\repos\sfml_game\sfml_game\main.cpp(993,93): warning C4244: 'argument': conversion from 'int' to 'float', possible loss of data
C:\Users\chura\source\repos\sfml_game\sfml_game\main.cpp(994,93): warning C4244: 'argument': conversion from 'int' to 'float', possible loss of data
C:\Users\chura\source\repos\sfml_game\sfml_game\main.cpp(995,94): warning C4244: 'argument': conversion from 'int' to 'float', possible loss of data
C:\Users\chura\source\repos\sfml_game\sfml_game\main.cpp(996,93): warning C4244: 'argument': conversion from 'int' to 'float', possible loss of data
C:\Users\chura\source\repos\sfml_game\sfml_game\main.cpp(997,93): warning C4244: 'argument': conversion from 'int' to 'float', possible loss of data
C:\Users\chura\source\repos\sfml_game\sfml_game\main.cpp(998,93): warning C4244: 'argument': conversion from 'int' to 'float', possible loss of data
C:\Users\chura\source\repos\sfml_game\sfml_game\main.cpp(1001,96): warning C4244: 'argument': conversion from 'int' to 'float', possible loss of data
C:\Users\chura\source\repos\sfml_game\sfml_game\main.cpp(1002,96): warning C4244: 'argument': conversion from 'int' to 'float', possible loss of data
C:\Users\chura\source\repos\sfml_game\sfml_game\main.cpp(1003,96): warning C4244: 'argument': conversion from 'int' to 'float', possible loss of data
C:\Users\chura\source\repos\sfml_game\sfml_game\main.cpp(1004,96): warning C4244: 'argument': conversion from 'int' to 'float', possible loss of data
C:\Users\chura\source\repos\sfml_game\sfml_game\main.cpp(1006,96): warning C4244: 'argument': conversion from 'int' to 'float', possible loss of data
C:\Users\chura\source\repos\sfml_game\sfml_game\main.cpp(1007,96): warning C4244: 'argument': conversion from 'int' to 'float', possible loss of data
C:\Users\chura\source\repos\sfml_game\sfml_game\main.cpp(1008,96): warning C4244: 'argument': conversion from 'int' to 'float', possible loss of data
C:\Users\chura\source\repos\sfml_game\sfml_game\main.cpp(1009,96): warning C4244: 'argument': conversion from 'int' to 'float', possible loss of data
C:\Users\chura\source\repos\sfml_game\sfml_game\main.cpp(1011,95): warning C4244: 'argument': conversion from 'int' to 'float', possible loss of data
C:\Users\chura\source\repos\sfml_game\sfml_game\main.cpp(1012,95): warning C4244: 'argument': conversion from 'int' to 'float', possible loss of data
C:\Users\chura\source\repos\sfml_game\sfml_game\main.cpp(1013,95): warning C4244: 'argument': conversion from 'int' to 'float', possible loss of data
C:\Users\chura\source\repos\sfml_game\sfml_game\main.cpp(1014,95): warning C4244: 'argument': conversion from 'int' to 'float', possible loss of data
C:\Users\chura\source\repos\sfml_game\sfml_game\main.cpp(1015,95): warning C4244: 'argument': conversion from 'int' to 'float', possible loss of data
C:\Users\chura\source\repos\sfml_game\sfml_game\main.cpp(1017,95): warning C4244: 'argument': conversion from 'int' to 'float', possible loss of data
C:\Users\chura\source\repos\sfml_game\sfml_game\main.cpp(1019,78): warning C4244: 'argument': conversion from 'int' to 'float', possible loss of data
C:\Users\chura\source\repos\sfml_game\sfml_game\main.cpp(1020,78): warning C4244: 'argument': conversion from 'int' to 'float', possible loss of data
C:\Users\chura\source\repos\sfml_game\sfml_game\main.cpp(1021,78): warning C4244: 'argument': conversion from 'int' to 'float', possible loss of data
C:\Users\chura\source\repos\sfml_game\sfml_game\main.cpp(1022,78): warning C4244: 'argument': conversion from 'int' to 'float', possible loss of data
C:\Users\chura\source\repos\sfml_game\sfml_game\main.cpp(1023,78): warning C4244: 'argument': conversion from 'int' to 'float', possible loss of data
C:\Users\chura\source\repos\sfml_game\sfml_game\main.cpp(1024,78): warning C4244: 'argument': conversion from 'int' to 'float', possible loss of data
C:\Users\chura\source\repos\sfml_game\sfml_game\main.cpp(1025,78): warning C4244: 'argument': conversion from 'int' to 'float', possible loss of data
C:\Users\chura\source\repos\sfml_game\sfml_game\main.cpp(1027,77): warning C4244: 'argument': conversion from 'int' to 'float', possible loss of data
C:\Users\chura\source\repos\sfml_game\sfml_game\main.cpp(1028,77): warning C4244: 'argument': conversion from 'int' to 'float', possible loss of data
C:\Users\chura\source\repos\sfml_game\sfml_game\main.cpp(1029,76): warning C4244: 'argument': conversion from 'int' to 'float', possible loss of data
C:\Users\chura\source\repos\sfml_game\sfml_game\main.cpp(1030,76): warning C4244: 'argument': conversion from 'int' to 'float', possible loss of data
C:\Users\chura\source\repos\sfml_game\sfml_game\main.cpp(1031,77): warning C4244: 'argument': conversion from 'int' to 'float', possible loss of data
C:\Users\chura\source\repos\sfml_game\sfml_game\main.cpp(1033,78): warning C4244: 'argument': conversion from 'int' to 'float', possible loss of data
C:\Users\chura\source\repos\sfml_game\sfml_game\main.cpp(1034,78): warning C4244: 'argument': conversion from 'int' to 'float', possible loss of data
C:\Users\chura\source\repos\sfml_game\sfml_game\main.cpp(1035,78): warning C4244: 'argument': conversion from 'int' to 'float', possible loss of data
C:\Users\chura\source\repos\sfml_game\sfml_game\main.cpp(1036,78): warning C4244: 'argument': conversion from 'int' to 'float', possible loss of data
C:\Users\chura\source\repos\sfml_game\sfml_game\main.cpp(1037,78): warning C4244: 'argument': conversion from 'int' to 'float', possible loss of data
C:\Users\chura\source\repos\sfml_game\sfml_game\main.cpp(1038,78): warning C4244: 'argument': conversion from 'int' to 'float', possible loss of data
C:\Users\chura\source\repos\sfml_game\sfml_game\main.cpp(1040,77): warning C4244: 'argument': conversion from 'int' to 'float', possible loss of data
C:\Users\chura\source\repos\sfml_game\sfml_game\main.cpp(1041,77): warning C4244: 'argument': conversion from 'int' to 'float', possible loss of data
C:\Users\chura\source\repos\sfml_game\sfml_game\main.cpp(1042,76): warning C4244: 'argument': conversion from 'int' to 'float', possible loss of data
C:\Users\chura\source\repos\sfml_game\sfml_game\main.cpp(1043,76): warning C4244: 'argument': conversion from 'int' to 'float', possible loss of data
C:\Users\chura\source\repos\sfml_game\sfml_game\main.cpp(1044,77): warning C4244: 'argument': conversion from 'int' to 'float', possible loss of data
C:\Users\chura\source\repos\sfml_game\sfml_game\main.cpp(1389,95): warning C4390: ';': empty controlled statement found; is this the intent?
C:\Users\chura\source\repos\sfml_game\sfml_game\main.cpp(1396,97): warning C4390: ';': empty controlled statement found; is this the intent?
C:\Users\chura\source\repos\sfml_game\sfml_game\main.cpp(664,8): warning C4101: 'counTime': unreferenced local variable
  Generating code
  Finished generating code
  1 of 647 functions ( 0.2%) were compiled, the rest were copied from previous compilation.
    0 functions were new in current compilation
    0 functions had inline decision re-evaluated but remain unchanged
  sfml_game.vcxproj -> C:\Users\chura\source\repos\sfml_game\x64\Release\sfml_game.exe
